<?xml version="1.0" encoding="UTF-8"?>
<testsuite xmlns:xsi="http://www.w3.org/2001/XMLSchema-instance" xsi:noNamespaceSchemaLocation="https://maven.apache.org/surefire/maven-surefire-plugin/xsd/surefire-test-report-3.0.xsd" version="3.0" name="com.hendisantika.springbootrestapipostgresql.SpringBootRestApiPostgresqlApplicationTests" time="10.749" tests="1" errors="0" skipped="0" failures="0">
  <properties>
[...]
</properties>
  <testcase name="contextLoads" classname="com.hendisantika.springbootrestapipostgresql.SpringBootRestApiPostgresqlApplicationTests" time="0.725">
    <system-out><![CDATA[23:04:29.227 [main] INFO org.springframework.test.context.support.AnnotationConfigContextLoaderUtils -- Could not detect default configuration classes for test class [com.hendisantika.springbootrestapipostgresql.SpringBootRestApiPostgresqlApplicationTests]: SpringBootRestApiPostgresqlApplicationTests does not declare any static, non-private, non-final, nested classes annotated with @Configuration.
23:04:29.383 [main] INFO org.springframework.boot.test.context.SpringBootTestContextBootstrapper -- Found @SpringBootConfiguration com.hendisantika.springbootrestapipostgresql.SpringBootRestApiPostgresqlApplication for test class com.hendisantika.springbootrestapipostgresql.SpringBootRestApiPostgresqlApplicationTests

  .   ____          _            __ _ _
 /\\ / ___'_ __ _ _(_)_ __  __ _ \ \ \ \
( ( )\___ | '_ | '_| | '_ \/ _` | \ \ \ \
 \\/  ___)| |_)| | | | | || (_| |  ) ) ) )
  '  |____| .__|_| |_|_| |_\__, | / / / /
 =========|_|==============|___/=/_/_/_/
 :: Spring Boot ::                (v3.1.5)

2024-04-17T23:04:30.078+02:00  INFO 6944 --- [           main] ingBootRestApiPostgresqlApplicationTests : Starting SpringBootRestApiPostgresqlApplicationTests using Java 17.0.10 with PID 6944 (started by HP-Laptop in C:\Users\HP-Laptop\Desktop\Cloud\cloud\Laborator 2)
2024-04-17T23:04:30.081+02:00  INFO 6944 --- [           main] ingBootRestApiPostgresqlApplicationTests : No active profile set, falling back to 1 default profile: "default"
2024-04-17T23:04:31.019+02:00  INFO 6944 --- [           main] .s.d.r.c.RepositoryConfigurationDelegate : Bootstrapping Spring Data JPA repositories in DEFAULT mode.
2024-04-17T23:04:31.139+02:00  INFO 6944 --- [           main] .s.d.r.c.RepositoryConfigurationDelegate : Finished Spring Data repository scanning in 101 ms. Found 2 JPA repository interfaces.
2024-04-17T23:04:31.812+02:00  INFO 6944 --- [           main] o.hibernate.jpa.internal.util.LogHelper  : HHH000204: Processing PersistenceUnitInfo [name: default]
2024-04-17T23:04:31.933+02:00  INFO 6944 --- [           main] org.hibernate.Version                    : HHH000412: Hibernate ORM core version 6.2.13.Final
2024-04-17T23:04:31.937+02:00  INFO 6944 --- [           main] org.hibernate.cfg.Environment            : HHH000406: Using bytecode reflection optimizer
2024-04-17T23:04:32.507+02:00  INFO 6944 --- [           main] o.s.o.j.p.SpringPersistenceUnitInfo      : No LoadTimeWeaver setup: ignoring JPA class transformer
2024-04-17T23:04:32.575+02:00  INFO 6944 --- [           main] com.zaxxer.hikari.HikariDataSource       : HikariPool-1 - Starting...
2024-04-17T23:04:34.055+02:00  INFO 6944 --- [           main] com.zaxxer.hikari.pool.HikariPool        : HikariPool-1 - Added connection org.postgresql.jdbc.PgConnection@4b544732
2024-04-17T23:04:34.071+02:00  INFO 6944 --- [           main] com.zaxxer.hikari.HikariDataSource       : HikariPool-1 - Start completed.
2024-04-17T23:04:34.246+02:00  WARN 6944 --- [           main] org.hibernate.orm.deprecation            : HHH90000025: PostgreSQLDialect does not need to be specified explicitly using 'hibernate.dialect' (remove the property setting and it will be selected by default)
2024-04-17T23:04:35.895+02:00  INFO 6944 --- [           main] o.h.e.t.j.p.i.JtaPlatformInitiator       : HHH000489: No JTA platform available (set 'hibernate.transaction.jta.platform' to enable JTA platform integration)
2024-04-17T23:04:36.882+02:00  INFO 6944 --- [           main] j.LocalContainerEntityManagerFactoryBean : Initialized JPA EntityManagerFactory for persistence unit 'default'
2024-04-17T23:04:38.009+02:00  WARN 6944 --- [           main] JpaBaseConfiguration$JpaWebConfiguration : spring.jpa.open-in-view is enabled by default. Therefore, database queries may be performed during view rendering. Explicitly configure spring.jpa.open-in-view to disable this warning
2024-04-17T23:04:38.939+02:00  INFO 6944 --- [           main] ingBootRestApiPostgresqlApplicationTests : Started SpringBootRestApiPostgresqlApplicationTests in 9.33 seconds (process running for 10.747)
]]></system-out>
  </testcase>
</testsuite>